Using pre-set license
Built from '2020.2/staging' branch; Version is '2020.2.5f1 (e2c53f129de5) revision 14861631'; Using compiler version '192528614'; Build Type 'Release'
OS: 'Windows 10 Home; OS build 19041.1052; Version 2004; 64bit' Language: 'en' Physical Memory: 16251 MB
BatchMode: 1, IsHumanControllingUs: 0, StartBugReporterOnCrash: 0, Is64bit: 1, IsPro: 0

 COMMAND LINE ARGUMENTS:
C:\Program Files\Unity\Hub\Editor\2020.2.5f1\Editor\Unity.exe
-adb2
-batchMode
-noUpm
-name
AssetImportWorker0
-projectPath
C:/Users/tibin/Unity/Toycathon
-logFile
Logs/AssetImportWorker0.log
-srvPort
63546
Successfully changed project path to: C:/Users/tibin/Unity/Toycathon
C:/Users/tibin/Unity/Toycathon
Using Asset Import Pipeline V2.
Refreshing native plugins compatible for Editor in 38.78 ms, found 1 plugins.
Preloading 0 native plugins for Editor in 0.00 ms.
Initialize engine version: 2020.2.5f1 (e2c53f129de5)
[Subsystems] Discovering subsystems at path C:/Program Files/Unity/Hub/Editor/2020.2.5f1/Editor/Data/Resources/UnitySubsystems
[Subsystems] Discovering subsystems at path C:/Users/tibin/Unity/Toycathon/Assets
GfxDevice: creating device client; threaded=0
Direct3D:
    Version:  Direct3D 11.0 [level 11.1]
    Renderer: NVIDIA GeForce GTX 1650 Ti (ID=0x1f95)
    Vendor:   
    VRAM:     3962 MB
    Driver:   27.21.14.6140
Initialize mono
Mono path[0] = 'C:/Program Files/Unity/Hub/Editor/2020.2.5f1/Editor/Data/Managed'
Mono path[1] = 'C:/Program Files/Unity/Hub/Editor/2020.2.5f1/Editor/Data/MonoBleedingEdge/lib/mono/unityjit'
Mono config path = 'C:/Program Files/Unity/Hub/Editor/2020.2.5f1/Editor/Data/MonoBleedingEdge/etc'
Using monoOptions --debugger-agent=transport=dt_socket,embedding=1,server=y,suspend=n,address=127.0.0.1:56036
Begin MonoManager ReloadAssembly
Registering precompiled unity dll's ...
Register platform support module: C:/Program Files/Unity/Hub/Editor/2020.2.5f1/Editor/Data/PlaybackEngines/WebGLSupport/UnityEditor.WebGL.Extensions.dll
Register platform support module: C:/Program Files/Unity/Hub/Editor/2020.2.5f1/Editor/Data/PlaybackEngines/WindowsStandaloneSupport/UnityEditor.WindowsStandalone.Extensions.dll
Registered in 0.001700 seconds.
Native extension for WindowsStandalone target not found
Native extension for WebGL target not found
Refreshing native plugins compatible for Editor in 35.32 ms, found 1 plugins.
Preloading 0 native plugins for Editor in 0.00 ms.
Invoked RoslynAnalysisRunner static constructor.
RoslynAnalysisRunner will not be running.
RoslynAnalysisRunner has terminated.
Mono: successfully reloaded assembly
- Completed reload, in  1.665 seconds
Platform modules already initialized, skipping
Registering precompiled user dll's ...
Registered in 0.000863 seconds.
Begin MonoManager ReloadAssembly
Native extension for WindowsStandalone target not found
Native extension for WebGL target not found
Refreshing native plugins compatible for Editor in 34.78 ms, found 1 plugins.
Preloading 0 native plugins for Editor in 0.00 ms.
Invoked RoslynAnalysisRunner static constructor.
RoslynAnalysisRunner will not be running.
RoslynAnalysisRunner has terminated.
Mono: successfully reloaded assembly
- Completed reload, in  0.799 seconds
Platform modules already initialized, skipping
========================================================================
Worker process is ready to serve import requests
Launched and connected shader compiler UnityShaderCompiler.exe after 0.03 seconds
Refreshing native plugins compatible for Editor in 0.44 ms, found 1 plugins.
Preloading 0 native plugins for Editor in 0.00 ms.
Unloading 2012 Unused Serialized files (Serialized files now loaded: 0)
System memory in use before: 91.5 MB.
System memory in use after: 91.6 MB.

Unloading 32 unused Assets to reduce memory usage. Loaded Objects now: 2449.
Total: 1.782000 ms (FindLiveObjects: 0.222100 ms CreateObjectMapping: 0.110600 ms MarkObjects: 1.390300 ms  DeleteObjects: 0.058400 ms)

========================================================================
Received Import Request.
  path: Assets/Scenes/IntroVideo.unity
  artifactKey: Guid(37f3c1d533194774ea0c201296ead98c) Importer(815301076,1909f56bfc062723c751e8b465ee728b)
Start importing Assets/Scenes/IntroVideo.unity using Guid(37f3c1d533194774ea0c201296ead98c) Importer(815301076,1909f56bfc062723c751e8b465ee728b)  -> (artifact id: '916ff99b02df688acbd32fc8ba43f903') in 0.015491 seconds
  Import took 0.019123 seconds .

========================================================================
Received Import Request.
  Time since last request: 574.551088 seconds.
  path: Assets/Scenes/Level_1.unity
  artifactKey: Guid(2cda990e2423bbf4892e6590ba056729) Importer(815301076,1909f56bfc062723c751e8b465ee728b)
Start importing Assets/Scenes/Level_1.unity using Guid(2cda990e2423bbf4892e6590ba056729) Importer(815301076,1909f56bfc062723c751e8b465ee728b)  -> (artifact id: 'f5bbe566f64f274e069e893482739100') in 0.007828 seconds
  Import took 0.013600 seconds .

========================================================================
Received Prepare
Registering precompiled user dll's ...
Registered in 0.002011 seconds.
Begin MonoManager ReloadAssembly
Native extension for WindowsStandalone target not found
Native extension for WebGL target not found
Refreshing native plugins compatible for Editor in 1.66 ms, found 1 plugins.
Preloading 0 native plugins for Editor in 0.00 ms.
Invoked RoslynAnalysisRunner static constructor.
RoslynAnalysisRunner will not be running.
RoslynAnalysisRunner has terminated.
Mono: successfully reloaded assembly
- Completed reload, in  1.830 seconds
Platform modules already initialized, skipping
Switching build target platform(5) subTarget(0) extendedPlatform(0) -> platform(13) subTarget(537395200) extendedPlatform(0)
Refreshing native plugins compatible for Editor in 1.20 ms, found 1 plugins.
Preloading 0 native plugins for Editor in 0.00 ms.
Unloading 2005 Unused Serialized files (Serialized files now loaded: 0)
System memory in use before: 91.0 MB.
System memory in use after: 91.1 MB.

Unloading 20 unused Assets to reduce memory usage. Loaded Objects now: 2452.
Total: 5.049400 ms (FindLiveObjects: 0.844200 ms CreateObjectMapping: 0.409700 ms MarkObjects: 3.723100 ms  DeleteObjects: 0.070400 ms)

AssetImportParameters requested are different than current active one (requested -> active):
  custom:graphics/normal-map-encoding: 01000000000000000000000000000000 -> 02000000000000000000000000000000
========================================================================
Received Import Request.
  Time since last request: 1540.424315 seconds.
  path: Assets/Script/DragDrop.cs
  artifactKey: Guid(24b4971a0088de2409243ca87f51e0ad) Importer(815301076,1909f56bfc062723c751e8b465ee728b)
Start importing Assets/Script/DragDrop.cs using Guid(24b4971a0088de2409243ca87f51e0ad) Importer(815301076,1909f56bfc062723c751e8b465ee728b)  -> (artifact id: 'c259e005aa1065b68e9889a1b4fb1a5a') in 0.153520 seconds
  Import took 0.160380 seconds .

========================================================================
Received Import Request.
  Time since last request: 0.005836 seconds.
  path: Assets/Script/DragDrop.cs
  artifactKey: Guid(24b4971a0088de2409243ca87f51e0ad) Importer(815301076,1909f56bfc062723c751e8b465ee728b)
Start importing Assets/Script/DragDrop.cs using Guid(24b4971a0088de2409243ca87f51e0ad) Importer(815301076,1909f56bfc062723c751e8b465ee728b)  -> (artifact id: 'c259e005aa1065b68e9889a1b4fb1a5a') in 0.004514 seconds
  Import took 0.010721 seconds .

========================================================================
Received Prepare
Registering precompiled user dll's ...
Registered in 0.000955 seconds.
Begin MonoManager ReloadAssembly
Native extension for WindowsStandalone target not found
Native extension for WebGL target not found
Refreshing native plugins compatible for Editor in 1.16 ms, found 1 plugins.
Preloading 0 native plugins for Editor in 0.00 ms.
Invoked RoslynAnalysisRunner static constructor.
RoslynAnalysisRunner will not be running.
RoslynAnalysisRunner has terminated.
Mono: successfully reloaded assembly
- Completed reload, in  1.356 seconds
Platform modules already initialized, skipping
Switching build target platform(5) subTarget(0) extendedPlatform(0) -> platform(13) subTarget(537395200) extendedPlatform(0)
Refreshing native plugins compatible for Editor in 0.63 ms, found 1 plugins.
Preloading 0 native plugins for Editor in 0.00 ms.
Unloading 2005 Unused Serialized files (Serialized files now loaded: 0)
System memory in use before: 91.0 MB.
System memory in use after: 91.1 MB.

Unloading 20 unused Assets to reduce memory usage. Loaded Objects now: 2455.
Total: 5.339800 ms (FindLiveObjects: 0.564900 ms CreateObjectMapping: 0.347400 ms MarkObjects: 4.378400 ms  DeleteObjects: 0.046100 ms)

AssetImportParameters requested are different than current active one (requested -> active):
  custom:graphics/normal-map-encoding: 01000000000000000000000000000000 -> 02000000000000000000000000000000
========================================================================
Received Import Request.
  Time since last request: 2154.178145 seconds.
  path: Assets/Prefab/QuizPanel (1).prefab
  artifactKey: Guid(84101fc4863d8ff44a44044b248ec36c) Importer(815301076,1909f56bfc062723c751e8b465ee728b)
Start importing Assets/Prefab/QuizPanel (1).prefab using Guid(84101fc4863d8ff44a44044b248ec36c) Importer(815301076,1909f56bfc062723c751e8b465ee728b)  -> (artifact id: 'a27ea60ddc152e7bf4c4a34fb4567b52') in 0.096685 seconds
  Import took 0.103091 seconds .

========================================================================
Received Import Request.
  Time since last request: 0.000347 seconds.
  path: Assets/Prefab/QuizPanel.prefab
  artifactKey: Guid(99bbe997ba127e14b88f835004176e48) Importer(815301076,1909f56bfc062723c751e8b465ee728b)
Start importing Assets/Prefab/QuizPanel.prefab using Guid(99bbe997ba127e14b88f835004176e48) Importer(815301076,1909f56bfc062723c751e8b465ee728b)  -> (artifact id: 'b3548be6ca8d5889980a8a5f6875099d') in 0.018610 seconds
  Import took 0.025903 seconds .

========================================================================
Received Import Request.
  Time since last request: 0.000388 seconds.
  path: Assets/Prefab/QuizPanel (1).prefab
  artifactKey: Guid(84101fc4863d8ff44a44044b248ec36c) Importer(815301076,1909f56bfc062723c751e8b465ee728b)
Start importing Assets/Prefab/QuizPanel (1).prefab using Guid(84101fc4863d8ff44a44044b248ec36c) Importer(815301076,1909f56bfc062723c751e8b465ee728b)  -> (artifact id: 'a27ea60ddc152e7bf4c4a34fb4567b52') in 0.010918 seconds
  Import took 0.016999 seconds .

========================================================================
Received Import Request.
  Time since last request: 31.217202 seconds.
  path: Assets/Prefab/ImgQuiz.prefab
  artifactKey: Guid(84101fc4863d8ff44a44044b248ec36c) Importer(815301076,1909f56bfc062723c751e8b465ee728b)
Start importing Assets/Prefab/ImgQuiz.prefab using Guid(84101fc4863d8ff44a44044b248ec36c) Importer(815301076,1909f56bfc062723c751e8b465ee728b)  -> (artifact id: '0419075b39d315dd82eddd10d5ec6bf9') in 0.017797 seconds
  Import took 0.024014 seconds .

========================================================================
Received Import Request.
  Time since last request: 46.206100 seconds.
  path: Assets/Prefab/ImgQuiz.prefab
  artifactKey: Guid(84101fc4863d8ff44a44044b248ec36c) Importer(815301076,1909f56bfc062723c751e8b465ee728b)
Start importing Assets/Prefab/ImgQuiz.prefab using Guid(84101fc4863d8ff44a44044b248ec36c) Importer(815301076,1909f56bfc062723c751e8b465ee728b)  -> (artifact id: '0811eafa8a205f9f636250b8b72f65ad') in 0.010776 seconds
  Import took 0.017920 seconds .

========================================================================
Received Import Request.
  Time since last request: 7.483188 seconds.
  path: Assets/Prefab/ImgQuiz.prefab
  artifactKey: Guid(84101fc4863d8ff44a44044b248ec36c) Importer(815301076,1909f56bfc062723c751e8b465ee728b)
Start importing Assets/Prefab/ImgQuiz.prefab using Guid(84101fc4863d8ff44a44044b248ec36c) Importer(815301076,1909f56bfc062723c751e8b465ee728b)  -> (artifact id: '70ec6a47105d1d4459286c3df879ca13') in 0.011762 seconds
  Import took 0.018704 seconds .

========================================================================
Received Import Request.
  Time since last request: 6.507336 seconds.
  path: Assets/Prefab/ImgQuiz.prefab
  artifactKey: Guid(84101fc4863d8ff44a44044b248ec36c) Importer(815301076,1909f56bfc062723c751e8b465ee728b)
Start importing Assets/Prefab/ImgQuiz.prefab using Guid(84101fc4863d8ff44a44044b248ec36c) Importer(815301076,1909f56bfc062723c751e8b465ee728b)  -> (artifact id: '60b39b8df04d586c204d645136087306') in 0.013108 seconds
  Import took 0.019154 seconds .

========================================================================
Received Import Request.
  Time since last request: 6.493259 seconds.
  path: Assets/Prefab/ImgQuiz.prefab
  artifactKey: Guid(84101fc4863d8ff44a44044b248ec36c) Importer(815301076,1909f56bfc062723c751e8b465ee728b)
Start importing Assets/Prefab/ImgQuiz.prefab using Guid(84101fc4863d8ff44a44044b248ec36c) Importer(815301076,1909f56bfc062723c751e8b465ee728b)  -> (artifact id: '4459c940c2ca651a7ea047177694b519') in 0.011175 seconds
  Import took 0.017327 seconds .

========================================================================
Received Import Request.
  Time since last request: 391.473013 seconds.
  path: Assets/Images/mangal-pandey2.jpg
  artifactKey: Guid(274a74b444b9c6444a337e4beb96901a) Importer(815301076,1909f56bfc062723c751e8b465ee728b)
Start importing Assets/Images/mangal-pandey2.jpg using Guid(274a74b444b9c6444a337e4beb96901a) Importer(815301076,1909f56bfc062723c751e8b465ee728b)  -> (artifact id: '2b31aceeaddb27c135cf41efc2c91f7c') in 0.080548 seconds
  Import took 0.084926 seconds .

========================================================================
Received Import Request.
  Time since last request: 272.535085 seconds.
  path: Assets/Script/ImageQuiz.cs
  artifactKey: Guid(420a97f5782dcc847a17a9b40fad839c) Importer(815301076,1909f56bfc062723c751e8b465ee728b)
Start importing Assets/Script/ImageQuiz.cs using Guid(420a97f5782dcc847a17a9b40fad839c) Importer(815301076,1909f56bfc062723c751e8b465ee728b)  -> (artifact id: 'bf060a5fc9bff9ff900ba020cdb2ff17') in 0.006149 seconds
  Import took 0.009704 seconds .

========================================================================
Received Prepare
Registering precompiled user dll's ...
Registered in 0.000763 seconds.
Begin MonoManager ReloadAssembly
Native extension for WindowsStandalone target not found
Native extension for WebGL target not found
Refreshing native plugins compatible for Editor in 0.44 ms, found 1 plugins.
Preloading 0 native plugins for Editor in 0.00 ms.
Invoked RoslynAnalysisRunner static constructor.
RoslynAnalysisRunner will not be running.
RoslynAnalysisRunner has terminated.
Mono: successfully reloaded assembly
- Completed reload, in  0.775 seconds
Platform modules already initialized, skipping
Switching build target platform(5) subTarget(0) extendedPlatform(0) -> platform(13) subTarget(537395200) extendedPlatform(0)
Refreshing native plugins compatible for Editor in 0.42 ms, found 1 plugins.
Preloading 0 native plugins for Editor in 0.00 ms.
Unloading 2006 Unused Serialized files (Serialized files now loaded: 0)
System memory in use before: 94.1 MB.
System memory in use after: 94.2 MB.

Unloading 22 unused Assets to reduce memory usage. Loaded Objects now: 2467.
Total: 1.578100 ms (FindLiveObjects: 0.175900 ms CreateObjectMapping: 0.071500 ms MarkObjects: 1.308200 ms  DeleteObjects: 0.021800 ms)

AssetImportParameters requested are different than current active one (requested -> active):
  custom:graphics/normal-map-encoding: 01000000000000000000000000000000 -> 02000000000000000000000000000000
========================================================================
Received Import Request.
  Time since last request: 1370.013760 seconds.
  path: Assets/Images/98804p_half.jpg
  artifactKey: Guid(2d5b4ac176ebb25498dffd8bf343b707) Importer(815301076,1909f56bfc062723c751e8b465ee728b)
Start importing Assets/Images/98804p_half.jpg using Guid(2d5b4ac176ebb25498dffd8bf343b707) Importer(815301076,1909f56bfc062723c751e8b465ee728b)  -> (artifact id: 'be194568d51e99362c6e82f766f0579e') in 0.053031 seconds
  Import took 0.056861 seconds .

========================================================================
Received Prepare
Registering precompiled user dll's ...
Registered in 0.000766 seconds.
Begin MonoManager ReloadAssembly
Native extension for WindowsStandalone target not found
Native extension for WebGL target not found
Refreshing native plugins compatible for Editor in 0.67 ms, found 1 plugins.
Preloading 0 native plugins for Editor in 0.00 ms.
Invoked RoslynAnalysisRunner static constructor.
RoslynAnalysisRunner will not be running.
RoslynAnalysisRunner has terminated.
Mono: successfully reloaded assembly
- Completed reload, in  0.828 seconds
Platform modules already initialized, skipping
Switching build target platform(5) subTarget(0) extendedPlatform(0) -> platform(13) subTarget(537395200) extendedPlatform(0)
Refreshing native plugins compatible for Editor in 0.43 ms, found 1 plugins.
Preloading 0 native plugins for Editor in 0.00 ms.
Unloading 2006 Unused Serialized files (Serialized files now loaded: 0)
System memory in use before: 94.1 MB.
System memory in use after: 94.2 MB.

Unloading 20 unused Assets to reduce memory usage. Loaded Objects now: 2473.
Total: 2.402500 ms (FindLiveObjects: 0.599700 ms CreateObjectMapping: 0.129200 ms MarkObjects: 1.659400 ms  DeleteObjects: 0.013400 ms)

AssetImportParameters requested are different than current active one (requested -> active):
  custom:graphics/normal-map-encoding: 01000000000000000000000000000000 -> 02000000000000000000000000000000
========================================================================
Received Import Request.
  Time since last request: 982.938484 seconds.
  path: Assets/Script/QuestionBank.cs
  artifactKey: Guid(032ea187900261543bb97f181da43345) Importer(815301076,1909f56bfc062723c751e8b465ee728b)
Start importing Assets/Script/QuestionBank.cs using Guid(032ea187900261543bb97f181da43345) Importer(815301076,1909f56bfc062723c751e8b465ee728b)  -> (artifact id: 'aaed7f68450950b858096787d6e25a4a') in 0.010781 seconds
  Import took 0.013572 seconds .

========================================================================
Received Import Request.
  Time since last request: 0.014084 seconds.
  path: Assets/Script/QuestionBank.cs
  artifactKey: Guid(032ea187900261543bb97f181da43345) Importer(815301076,1909f56bfc062723c751e8b465ee728b)
Start importing Assets/Script/QuestionBank.cs using Guid(032ea187900261543bb97f181da43345) Importer(815301076,1909f56bfc062723c751e8b465ee728b)  -> (artifact id: 'aaed7f68450950b858096787d6e25a4a') in 0.003183 seconds
  Import took 0.006569 seconds .

========================================================================
Received Prepare
Registering precompiled user dll's ...
Registered in 0.000686 seconds.
Begin MonoManager ReloadAssembly
Native extension for WindowsStandalone target not found
Native extension for WebGL target not found
Refreshing native plugins compatible for Editor in 0.42 ms, found 1 plugins.
Preloading 0 native plugins for Editor in 0.00 ms.
Invoked RoslynAnalysisRunner static constructor.
RoslynAnalysisRunner will not be running.
RoslynAnalysisRunner has terminated.
Mono: successfully reloaded assembly
- Completed reload, in  0.741 seconds
Platform modules already initialized, skipping
Switching build target platform(5) subTarget(0) extendedPlatform(0) -> platform(13) subTarget(537395200) extendedPlatform(0)
Refreshing native plugins compatible for Editor in 0.42 ms, found 1 plugins.
Preloading 0 native plugins for Editor in 0.00 ms.
Unloading 2006 Unused Serialized files (Serialized files now loaded: 0)
System memory in use before: 94.1 MB.
System memory in use after: 94.2 MB.

Unloading 20 unused Assets to reduce memory usage. Loaded Objects now: 2476.
Total: 1.699600 ms (FindLiveObjects: 0.229800 ms CreateObjectMapping: 0.093900 ms MarkObjects: 1.360900 ms  DeleteObjects: 0.014000 ms)

AssetImportParameters requested are different than current active one (requested -> active):
  custom:graphics/normal-map-encoding: 01000000000000000000000000000000 -> 02000000000000000000000000000000
========================================================================
Received Import Request.
  Time since last request: 201.942661 seconds.
  path: Assets/Animator/ImgQuesPanelHide.anim
  artifactKey: Guid(413f88c1980b76c43bd9219aab0b9faf) Importer(815301076,1909f56bfc062723c751e8b465ee728b)
Start importing Assets/Animator/ImgQuesPanelHide.anim using Guid(413f88c1980b76c43bd9219aab0b9faf) Importer(815301076,1909f56bfc062723c751e8b465ee728b)  -> (artifact id: '76b342594f11638a3ccee7f6cbc7d8f5') in 0.018661 seconds
  Import took 0.022211 seconds .

========================================================================
Received Import Request.
  Time since last request: 0.006312 seconds.
  path: Assets/Animator/ImgQuesPanelHide.anim
  artifactKey: Guid(413f88c1980b76c43bd9219aab0b9faf) Importer(815301076,1909f56bfc062723c751e8b465ee728b)
Start importing Assets/Animator/ImgQuesPanelHide.anim using Guid(413f88c1980b76c43bd9219aab0b9faf) Importer(815301076,1909f56bfc062723c751e8b465ee728b)  -> (artifact id: '76b342594f11638a3ccee7f6cbc7d8f5') in 0.002832 seconds
  Import took 0.005617 seconds .

========================================================================
Received Import Request.
  Time since last request: 2.242591 seconds.
  path: Assets/Animator/ImgQuesPanelShow.anim
  artifactKey: Guid(75a26fe48288e414691860813c85e57c) Importer(815301076,1909f56bfc062723c751e8b465ee728b)
Start importing Assets/Animator/ImgQuesPanelShow.anim using Guid(75a26fe48288e414691860813c85e57c) Importer(815301076,1909f56bfc062723c751e8b465ee728b)  -> (artifact id: '267d11e95d1aac2ed561244096eaa3ec') in 0.007403 seconds
  Import took 0.010807 seconds .

========================================================================
Received Import Request.
  Time since last request: 0.000461 seconds.
  path: Assets/Animator/ImgQuesPanelShow.anim
  artifactKey: Guid(75a26fe48288e414691860813c85e57c) Importer(815301076,1909f56bfc062723c751e8b465ee728b)
Start importing Assets/Animator/ImgQuesPanelShow.anim using Guid(75a26fe48288e414691860813c85e57c) Importer(815301076,1909f56bfc062723c751e8b465ee728b)  -> (artifact id: '267d11e95d1aac2ed561244096eaa3ec') in 0.002448 seconds
  Import took 0.005138 seconds .

========================================================================
Received Prepare
Registering precompiled user dll's ...
Registered in 0.000707 seconds.
Begin MonoManager ReloadAssembly
Native extension for WindowsStandalone target not found
Native extension for WebGL target not found
Refreshing native plugins compatible for Editor in 0.40 ms, found 1 plugins.
Preloading 0 native plugins for Editor in 0.00 ms.
Invoked RoslynAnalysisRunner static constructor.
RoslynAnalysisRunner will not be running.
RoslynAnalysisRunner has terminated.
Mono: successfully reloaded assembly
- Completed reload, in  0.715 seconds
Platform modules already initialized, skipping
Switching build target platform(5) subTarget(0) extendedPlatform(0) -> platform(13) subTarget(537395200) extendedPlatform(0)
Refreshing native plugins compatible for Editor in 0.41 ms, found 1 plugins.
Preloading 0 native plugins for Editor in 0.00 ms.
Unloading 2006 Unused Serialized files (Serialized files now loaded: 0)
System memory in use before: 94.1 MB.
System memory in use after: 94.3 MB.

Unloading 20 unused Assets to reduce memory usage. Loaded Objects now: 2479.
Total: 1.829500 ms (FindLiveObjects: 0.189100 ms CreateObjectMapping: 0.066800 ms MarkObjects: 1.551200 ms  DeleteObjects: 0.021400 ms)

AssetImportParameters requested are different than current active one (requested -> active):
  custom:graphics/normal-map-encoding: 01000000000000000000000000000000 -> 02000000000000000000000000000000
========================================================================
Received Prepare
Registering precompiled user dll's ...
Registered in 0.000830 seconds.
Begin MonoManager ReloadAssembly
Native extension for WindowsStandalone target not found
Native extension for WebGL target not found
Refreshing native plugins compatible for Editor in 0.43 ms, found 1 plugins.
Preloading 0 native plugins for Editor in 0.00 ms.
Invoked RoslynAnalysisRunner static constructor.
RoslynAnalysisRunner will not be running.
RoslynAnalysisRunner has terminated.
Mono: successfully reloaded assembly
- Completed reload, in  0.790 seconds
Platform modules already initialized, skipping
Switching build target platform(5) subTarget(0) extendedPlatform(0) -> platform(13) subTarget(537395200) extendedPlatform(0)
Refreshing native plugins compatible for Editor in 0.46 ms, found 1 plugins.
Preloading 0 native plugins for Editor in 0.00 ms.
Unloading 2006 Unused Serialized files (Serialized files now loaded: 0)
System memory in use before: 94.2 MB.
System memory in use after: 94.3 MB.

Unloading 20 unused Assets to reduce memory usage. Loaded Objects now: 2482.
Total: 2.008800 ms (FindLiveObjects: 0.256400 ms CreateObjectMapping: 0.115200 ms MarkObjects: 1.615300 ms  DeleteObjects: 0.020900 ms)

AssetImportParameters requested are different than current active one (requested -> active):
  custom:graphics/normal-map-encoding: 01000000000000000000000000000000 -> 02000000000000000000000000000000
========================================================================
Received Import Request.
  Time since last request: 1197.006768 seconds.
  path: Assets/Images/download.jpg
  artifactKey: Guid(1aa7d7122b18015459362ea91084be99) Importer(815301076,1909f56bfc062723c751e8b465ee728b)
Start importing Assets/Images/download.jpg using Guid(1aa7d7122b18015459362ea91084be99) Importer(815301076,1909f56bfc062723c751e8b465ee728b)  -> (artifact id: '236ca75b7bce8a00bfd857212e5df89c') in 0.059380 seconds
  Import took 0.063297 seconds .

========================================================================
Received Import Request.
  Time since last request: 230.259579 seconds.
  path: Assets/Images/Queen_Victoria_by_Bassano.jpg
  artifactKey: Guid(44c8d3614dc077343bc12ee09fa8fe5b) Importer(815301076,1909f56bfc062723c751e8b465ee728b)
Start importing Assets/Images/Queen_Victoria_by_Bassano.jpg using Guid(44c8d3614dc077343bc12ee09fa8fe5b) Importer(815301076,1909f56bfc062723c751e8b465ee728b)  -> (artifact id: 'a82186ee63328ec8130c762b6853e798') in 0.041610 seconds
  Import took 0.045328 seconds .

========================================================================
Received Prepare
Registering precompiled user dll's ...
Registered in 0.000802 seconds.
Begin MonoManager ReloadAssembly
Native extension for WindowsStandalone target not found
Native extension for WebGL target not found
Refreshing native plugins compatible for Editor in 0.61 ms, found 1 plugins.
Preloading 0 native plugins for Editor in 0.00 ms.
Invoked RoslynAnalysisRunner static constructor.
RoslynAnalysisRunner will not be running.
RoslynAnalysisRunner has terminated.
Mono: successfully reloaded assembly
- Completed reload, in  0.778 seconds
Platform modules already initialized, skipping
Switching build target platform(5) subTarget(0) extendedPlatform(0) -> platform(13) subTarget(537395200) extendedPlatform(0)
Refreshing native plugins compatible for Editor in 0.43 ms, found 1 plugins.
Preloading 0 native plugins for Editor in 0.00 ms.
Unloading 2006 Unused Serialized files (Serialized files now loaded: 0)
System memory in use before: 94.2 MB.
System memory in use after: 94.3 MB.

Unloading 20 unused Assets to reduce memory usage. Loaded Objects now: 2490.
Total: 1.947800 ms (FindLiveObjects: 0.233700 ms CreateObjectMapping: 0.131100 ms MarkObjects: 1.494100 ms  DeleteObjects: 0.087700 ms)

AssetImportParameters requested are different than current active one (requested -> active):
  custom:graphics/normal-map-encoding: 01000000000000000000000000000000 -> 02000000000000000000000000000000
========================================================================
Received Prepare
Registering precompiled user dll's ...
Registered in 0.000778 seconds.
Begin MonoManager ReloadAssembly
Native extension for WindowsStandalone target not found
Native extension for WebGL target not found
Refreshing native plugins compatible for Editor in 0.44 ms, found 1 plugins.
Preloading 0 native plugins for Editor in 0.00 ms.
Invoked RoslynAnalysisRunner static constructor.
RoslynAnalysisRunner will not be running.
RoslynAnalysisRunner has terminated.
Mono: successfully reloaded assembly
- Completed reload, in  0.807 seconds
Platform modules already initialized, skipping
Switching build target platform(5) subTarget(0) extendedPlatform(0) -> platform(13) subTarget(537395200) extendedPlatform(0)
Refreshing native plugins compatible for Editor in 0.44 ms, found 1 plugins.
Preloading 0 native plugins for Editor in 0.00 ms.
Unloading 2006 Unused Serialized files (Serialized files now loaded: 0)
System memory in use before: 94.2 MB.
System memory in use after: 94.3 MB.

Unloading 20 unused Assets to reduce memory usage. Loaded Objects now: 2493.
Total: 1.753800 ms (FindLiveObjects: 0.209900 ms CreateObjectMapping: 0.085000 ms MarkObjects: 1.439300 ms  DeleteObjects: 0.018800 ms)

AssetImportParameters requested are different than current active one (requested -> active):
  custom:graphics/normal-map-encoding: 01000000000000000000000000000000 -> 02000000000000000000000000000000
========================================================================
Received Prepare
Registering precompiled user dll's ...
Registered in 0.000821 seconds.
Begin MonoManager ReloadAssembly
Native extension for WindowsStandalone target not found
Native extension for WebGL target not found
Refreshing native plugins compatible for Editor in 0.54 ms, found 1 plugins.
Preloading 0 native plugins for Editor in 0.00 ms.
Invoked RoslynAnalysisRunner static constructor.
RoslynAnalysisRunner will not be running.
RoslynAnalysisRunner has terminated.
Mono: successfully reloaded assembly
- Completed reload, in  0.861 seconds
Platform modules already initialized, skipping
Switching build target platform(5) subTarget(0) extendedPlatform(0) -> platform(13) subTarget(537395200) extendedPlatform(0)
Refreshing native plugins compatible for Editor in 0.86 ms, found 1 plugins.
Preloading 0 native plugins for Editor in 0.00 ms.
Unloading 2006 Unused Serialized files (Serialized files now loaded: 0)
System memory in use before: 94.2 MB.
System memory in use after: 94.3 MB.

Unloading 20 unused Assets to reduce memory usage. Loaded Objects now: 2496.
Total: 2.002100 ms (FindLiveObjects: 0.193600 ms CreateObjectMapping: 0.089700 ms MarkObjects: 1.696100 ms  DeleteObjects: 0.021500 ms)

AssetImportParameters requested are different than current active one (requested -> active):
  custom:graphics/normal-map-encoding: 01000000000000000000000000000000 -> 02000000000000000000000000000000
========================================================================
Received Prepare
Registering precompiled user dll's ...
Registered in 0.000905 seconds.
Begin MonoManager ReloadAssembly
Native extension for WindowsStandalone target not found
Native extension for WebGL target not found
Refreshing native plugins compatible for Editor in 0.57 ms, found 1 plugins.
Preloading 0 native plugins for Editor in 0.00 ms.
Invoked RoslynAnalysisRunner static constructor.
RoslynAnalysisRunner will not be running.
RoslynAnalysisRunner has terminated.
Mono: successfully reloaded assembly
- Completed reload, in  0.872 seconds
Platform modules already initialized, skipping
Switching build target platform(5) subTarget(0) extendedPlatform(0) -> platform(13) subTarget(537395200) extendedPlatform(0)
Refreshing native plugins compatible for Editor in 0.55 ms, found 1 plugins.
Preloading 0 native plugins for Editor in 0.00 ms.
Unloading 2006 Unused Serialized files (Serialized files now loaded: 0)
System memory in use before: 94.2 MB.
System memory in use after: 94.3 MB.

Unloading 20 unused Assets to reduce memory usage. Loaded Objects now: 2499.
Total: 2.004500 ms (FindLiveObjects: 0.208400 ms CreateObjectMapping: 0.085800 ms MarkObjects: 1.686000 ms  DeleteObjects: 0.023200 ms)

AssetImportParameters requested are different than current active one (requested -> active):
  custom:graphics/normal-map-encoding: 01000000000000000000000000000000 -> 02000000000000000000000000000000
========================================================================
Received Prepare
Registering precompiled user dll's ...
Registered in 0.000740 seconds.
Begin MonoManager ReloadAssembly
Native extension for WindowsStandalone target not found
Native extension for WebGL target not found
Refreshing native plugins compatible for Editor in 0.44 ms, found 1 plugins.
Preloading 0 native plugins for Editor in 0.00 ms.
Invoked RoslynAnalysisRunner static constructor.
RoslynAnalysisRunner will not be running.
RoslynAnalysisRunner has terminated.
Mono: successfully reloaded assembly
- Completed reload, in  0.815 seconds
Platform modules already initialized, skipping
Switching build target platform(5) subTarget(0) extendedPlatform(0) -> platform(13) subTarget(537395200) extendedPlatform(0)
Refreshing native plugins compatible for Editor in 0.43 ms, found 1 plugins.
Preloading 0 native plugins for Editor in 0.00 ms.
Unloading 2006 Unused Serialized files (Serialized files now loaded: 0)
System memory in use before: 94.2 MB.
System memory in use after: 94.3 MB.

Unloading 20 unused Assets to reduce memory usage. Loaded Objects now: 2502.
Total: 1.613900 ms (FindLiveObjects: 0.183000 ms CreateObjectMapping: 0.074300 ms MarkObjects: 1.339500 ms  DeleteObjects: 0.016100 ms)

AssetImportParameters requested are different than current active one (requested -> active):
  custom:graphics/normal-map-encoding: 01000000000000000000000000000000 -> 02000000000000000000000000000000
========================================================================
Received Prepare
Registering precompiled user dll's ...
Registered in 0.000837 seconds.
Begin MonoManager ReloadAssembly
Native extension for WindowsStandalone target not found
Native extension for WebGL target not found
Refreshing native plugins compatible for Editor in 0.48 ms, found 1 plugins.
Preloading 0 native plugins for Editor in 0.00 ms.
Invoked RoslynAnalysisRunner static constructor.
RoslynAnalysisRunner will not be running.
RoslynAnalysisRunner has terminated.
Mono: successfully reloaded assembly
- Completed reload, in  0.878 seconds
Platform modules already initialized, skipping
Switching build target platform(5) subTarget(0) extendedPlatform(0) -> platform(13) subTarget(537395200) extendedPlatform(0)
Refreshing native plugins compatible for Editor in 0.51 ms, found 1 plugins.
Preloading 0 native plugins for Editor in 0.00 ms.
Unloading 2006 Unused Serialized files (Serialized files now loaded: 0)
System memory in use before: 94.2 MB.
System memory in use after: 94.3 MB.

Unloading 20 unused Assets to reduce memory usage. Loaded Objects now: 2505.
Total: 2.428400 ms (FindLiveObjects: 0.349400 ms CreateObjectMapping: 0.157000 ms MarkObjects: 1.898800 ms  DeleteObjects: 0.021200 ms)

AssetImportParameters requested are different than current active one (requested -> active):
  custom:graphics/normal-map-encoding: 01000000000000000000000000000000 -> 02000000000000000000000000000000
========================================================================
Received Prepare
Registering precompiled user dll's ...
Registered in 0.000906 seconds.
Begin MonoManager ReloadAssembly
Native extension for WindowsStandalone target not found
Native extension for WebGL target not found
Refreshing native plugins compatible for Editor in 0.45 ms, found 1 plugins.
Preloading 0 native plugins for Editor in 0.00 ms.
Invoked RoslynAnalysisRunner static constructor.
RoslynAnalysisRunner will not be running.
RoslynAnalysisRunner has terminated.
Mono: successfully reloaded assembly
- Completed reload, in  0.907 seconds
Platform modules already initialized, skipping
Switching build target platform(5) subTarget(0) extendedPlatform(0) -> platform(13) subTarget(537395200) extendedPlatform(0)
Refreshing native plugins compatible for Editor in 0.44 ms, found 1 plugins.
Preloading 0 native plugins for Editor in 0.00 ms.
Unloading 2006 Unused Serialized files (Serialized files now loaded: 0)
System memory in use before: 94.2 MB.
System memory in use after: 94.3 MB.

Unloading 20 unused Assets to reduce memory usage. Loaded Objects now: 2508.
Total: 1.852900 ms (FindLiveObjects: 0.204700 ms CreateObjectMapping: 0.098200 ms MarkObjects: 1.526500 ms  DeleteObjects: 0.022400 ms)

AssetImportParameters requested are different than current active one (requested -> active):
  custom:graphics/normal-map-encoding: 01000000000000000000000000000000 -> 02000000000000000000000000000000
========================================================================
Received Prepare
Registering precompiled user dll's ...
Registered in 0.000960 seconds.
Begin MonoManager ReloadAssembly
Native extension for WindowsStandalone target not found
Native extension for WebGL target not found
Refreshing native plugins compatible for Editor in 0.46 ms, found 1 plugins.
Preloading 0 native plugins for Editor in 0.00 ms.
Invoked RoslynAnalysisRunner static constructor.
RoslynAnalysisRunner will not be running.
RoslynAnalysisRunner has terminated.
Mono: successfully reloaded assembly
- Completed reload, in  0.938 seconds
Platform modules already initialized, skipping
Switching build target platform(5) subTarget(0) extendedPlatform(0) -> platform(13) subTarget(537395200) extendedPlatform(0)
Refreshing native plugins compatible for Editor in 0.45 ms, found 1 plugins.
Preloading 0 native plugins for Editor in 0.00 ms.
Unloading 2006 Unused Serialized files (Serialized files now loaded: 0)
System memory in use before: 94.2 MB.
System memory in use after: 94.3 MB.

Unloading 20 unused Assets to reduce memory usage. Loaded Objects now: 2511.
Total: 1.769600 ms (FindLiveObjects: 0.196000 ms CreateObjectMapping: 0.076300 ms MarkObjects: 1.480100 ms  DeleteObjects: 0.016100 ms)

AssetImportParameters requested are different than current active one (requested -> active):
  custom:graphics/normal-map-encoding: 01000000000000000000000000000000 -> 02000000000000000000000000000000
========================================================================
Received Prepare
Registering precompiled user dll's ...
Registered in 0.000861 seconds.
Begin MonoManager ReloadAssembly
Native extension for WindowsStandalone target not found
Native extension for WebGL target not found
Refreshing native plugins compatible for Editor in 0.49 ms, found 1 plugins.
Preloading 0 native plugins for Editor in 0.00 ms.
Invoked RoslynAnalysisRunner static constructor.
RoslynAnalysisRunner will not be running.
RoslynAnalysisRunner has terminated.
Mono: successfully reloaded assembly
- Completed reload, in  0.927 seconds
Platform modules already initialized, skipping
Switching build target platform(5) subTarget(0) extendedPlatform(0) -> platform(13) subTarget(537395200) extendedPlatform(0)
Refreshing native plugins compatible for Editor in 0.46 ms, found 1 plugins.
Preloading 0 native plugins for Editor in 0.00 ms.
Unloading 2006 Unused Serialized files (Serialized files now loaded: 0)
System memory in use before: 94.2 MB.
System memory in use after: 94.4 MB.

Unloading 20 unused Assets to reduce memory usage. Loaded Objects now: 2514.
Total: 1.836900 ms (FindLiveObjects: 0.190200 ms CreateObjectMapping: 0.073900 ms MarkObjects: 1.527300 ms  DeleteObjects: 0.044500 ms)

AssetImportParameters requested are different than current active one (requested -> active):
  custom:graphics/normal-map-encoding: 01000000000000000000000000000000 -> 02000000000000000000000000000000
========================================================================
Received Prepare
Registering precompiled user dll's ...
Registered in 0.000810 seconds.
Begin MonoManager ReloadAssembly
Native extension for WindowsStandalone target not found
Native extension for WebGL target not found
Refreshing native plugins compatible for Editor in 0.45 ms, found 1 plugins.
Preloading 0 native plugins for Editor in 0.00 ms.
Invoked RoslynAnalysisRunner static constructor.
RoslynAnalysisRunner will not be running.
RoslynAnalysisRunner has terminated.
Mono: successfully reloaded assembly
- Completed reload, in  0.838 seconds
Platform modules already initialized, skipping
Switching build target platform(5) subTarget(0) extendedPlatform(0) -> platform(13) subTarget(537395200) extendedPlatform(0)
Refreshing native plugins compatible for Editor in 0.45 ms, found 1 plugins.
Preloading 0 native plugins for Editor in 0.00 ms.
Unloading 2006 Unused Serialized files (Serialized files now loaded: 0)
System memory in use before: 94.2 MB.
System memory in use after: 94.4 MB.

Unloading 20 unused Assets to reduce memory usage. Loaded Objects now: 2517.
Total: 1.866200 ms (FindLiveObjects: 0.309300 ms CreateObjectMapping: 0.105100 ms MarkObjects: 1.404400 ms  DeleteObjects: 0.046200 ms)

AssetImportParameters requested are different than current active one (requested -> active):
  custom:graphics/normal-map-encoding: 01000000000000000000000000000000 -> 02000000000000000000000000000000
========================================================================
Received Prepare
Registering precompiled user dll's ...
Registered in 0.102118 seconds.
Begin MonoManager ReloadAssembly
Native extension for WindowsStandalone target not found
Native extension for WebGL target not found
Refreshing native plugins compatible for Editor in 1.35 ms, found 1 plugins.
Preloading 0 native plugins for Editor in 0.00 ms.
Invoked RoslynAnalysisRunner static constructor.
RoslynAnalysisRunner will not be running.
RoslynAnalysisRunner has terminated.
Mono: successfully reloaded assembly
- Completed reload, in  1.523 seconds
Platform modules already initialized, skipping
Switching build target platform(5) subTarget(0) extendedPlatform(0) -> platform(13) subTarget(537395200) extendedPlatform(0)
Refreshing native plugins compatible for Editor in 0.58 ms, found 1 plugins.
Preloading 0 native plugins for Editor in 0.00 ms.
Unloading 2006 Unused Serialized files (Serialized files now loaded: 0)
System memory in use before: 94.2 MB.
System memory in use after: 94.4 MB.

Unloading 20 unused Assets to reduce memory usage. Loaded Objects now: 2520.
Total: 4.073700 ms (FindLiveObjects: 0.331200 ms CreateObjectMapping: 0.144500 ms MarkObjects: 3.532000 ms  DeleteObjects: 0.064300 ms)

AssetImportParameters requested are different than current active one (requested -> active):
  custom:graphics/normal-map-encoding: 01000000000000000000000000000000 -> 02000000000000000000000000000000
========================================================================
Received Import Request.
  Time since last request: 13738.619682 seconds.
  path: Assets/Scenes/Level_1.unity
  artifactKey: Guid(2cda990e2423bbf4892e6590ba056729) Importer(815301076,1909f56bfc062723c751e8b465ee728b)
Start importing Assets/Scenes/Level_1.unity using Guid(2cda990e2423bbf4892e6590ba056729) Importer(815301076,1909f56bfc062723c751e8b465ee728b)  -> (artifact id: 'dc881338d1ebe0e4c56de03417523287') in 0.038257 seconds
  Import took 0.046176 seconds .

========================================================================
Received Import Request.
  Time since last request: 6.287555 seconds.
  path: Assets/Scenes/IntroVideo.unity
  artifactKey: Guid(37f3c1d533194774ea0c201296ead98c) Importer(815301076,1909f56bfc062723c751e8b465ee728b)
Start importing Assets/Scenes/IntroVideo.unity using Guid(37f3c1d533194774ea0c201296ead98c) Importer(815301076,1909f56bfc062723c751e8b465ee728b)  -> (artifact id: 'ab47fd77f7bfe6a7556225dde2881993') in 0.014756 seconds
  Import took 0.020624 seconds .

========================================================================
Received Prepare
Registering precompiled user dll's ...
Registered in 0.001460 seconds.
Begin MonoManager ReloadAssembly
Native extension for WindowsStandalone target not found
Native extension for WebGL target not found
Refreshing native plugins compatible for Editor in 0.51 ms, found 1 plugins.
Preloading 0 native plugins for Editor in 0.00 ms.
Invoked RoslynAnalysisRunner static constructor.
RoslynAnalysisRunner will not be running.
RoslynAnalysisRunner has terminated.
Mono: successfully reloaded assembly
- Completed reload, in  1.155 seconds
Platform modules already initialized, skipping
Switching build target platform(5) subTarget(0) extendedPlatform(0) -> platform(13) subTarget(537395200) extendedPlatform(0)
Refreshing native plugins compatible for Editor in 0.60 ms, found 1 plugins.
Preloading 0 native plugins for Editor in 0.00 ms.
Unloading 2006 Unused Serialized files (Serialized files now loaded: 0)
System memory in use before: 94.3 MB.
System memory in use after: 94.4 MB.

Unloading 20 unused Assets to reduce memory usage. Loaded Objects now: 2523.
Total: 4.992000 ms (FindLiveObjects: 0.553000 ms CreateObjectMapping: 0.227100 ms MarkObjects: 4.097600 ms  DeleteObjects: 0.112000 ms)

AssetImportParameters requested are different than current active one (requested -> active):
  custom:graphics/normal-map-encoding: 01000000000000000000000000000000 -> 02000000000000000000000000000000
========================================================================
Received Prepare
Registering precompiled user dll's ...
Registered in 0.000839 seconds.
Begin MonoManager ReloadAssembly
Native extension for WindowsStandalone target not found
Native extension for WebGL target not found
Refreshing native plugins compatible for Editor in 0.71 ms, found 1 plugins.
Preloading 0 native plugins for Editor in 0.00 ms.
Invoked RoslynAnalysisRunner static constructor.
RoslynAnalysisRunner will not be running.
RoslynAnalysisRunner has terminated.
Mono: successfully reloaded assembly
- Completed reload, in  1.064 seconds
Platform modules already initialized, skipping
Switching build target platform(5) subTarget(0) extendedPlatform(0) -> platform(13) subTarget(537395200) extendedPlatform(0)
Refreshing native plugins compatible for Editor in 0.46 ms, found 1 plugins.
Preloading 0 native plugins for Editor in 0.00 ms.
Unloading 2006 Unused Serialized files (Serialized files now loaded: 0)
System memory in use before: 94.3 MB.
System memory in use after: 94.4 MB.

Unloading 20 unused Assets to reduce memory usage. Loaded Objects now: 2526.
Total: 2.845900 ms (FindLiveObjects: 0.299800 ms CreateObjectMapping: 0.123400 ms MarkObjects: 2.365300 ms  DeleteObjects: 0.056100 ms)

AssetImportParameters requested are different than current active one (requested -> active):
  custom:graphics/normal-map-encoding: 01000000000000000000000000000000 -> 02000000000000000000000000000000
AssetImportWorkerClient::OnTransportError - code=2 error=End of file
